Equity for 3 4 is: 0.39920
Equity for 3 5 is: 0.42360
Equity for 3 6 is: 0.41660
Equity for 3 7 is: 0.42800
Equity for 3 8 is: 0.46540
Equity for 3 9 is: 0.47620
Equity for 3 10 is: 0.50920
Equity for 3 11 is: 0.53420
Equity for 3 12 is: 0.58340
Equity for 3 13 is: 0.30040
Equity for 3 14 is: 0.33040
Equity for 3 15 is: 0.35540
Equity for 3 16 is: 0.59420
Equity for 3 17 is: 0.36760
Equity for 3 18 is: 0.36840
Equity for 3 19 is: 0.38480
Equity for 3 20 is: 0.39300
Equity for 3 21 is: 0.42920
Equity for 3 22 is: 0.43960
Equity for 3 23 is: 0.48080
Equity for 3 24 is: 0.51960
Equity for 3 25 is: 0.56160
Equity for 3 26 is: 0.30940
Equity for 3 27 is: 0.31920
Equity for 3 28 is: 0.35940
Equity for 3 29 is: 0.59900
Equity for 3 30 is: 0.37060
Equity for 3 31 is: 0.38420
Equity for 3 32 is: 0.37280
Equity for 3 33 is: 0.39780
Equity for 3 34 is: 0.41400
Equity for 3 35 is: 0.44520
Equity for 3 36 is: 0.47760
Equity for 3 37 is: 0.51760
Equity for 3 38 is: 0.55540
Equity for 3 39 is: 0.31580
Equity for 3 40 is: 0.33480
Equity for 3 41 is: 0.34780
Equity for 3 42 is: 0.57700
Equity for 3 43 is: 0.37360
Equity for 3 44 is: 0.37960
Equity for 3 45 is: 0.38420
Equity for 3 46 is: 0.41280
Equity for 3 47 is: 0.41280
Equity for 3 48 is: 0.44640
Equity for 3 49 is: 0.47340
Equity for 3 50 is: 0.51280
Equity for 3 51 is: 0.55660
Equity for 4 5 is: 0.43800
Equity for 4 6 is: 0.44660
Equity for 4 7 is: 0.45400
Equity for 4 8 is: 0.46680
Equity for 4 9 is: 0.47620
Equity for 4 10 is: 0.51320
Equity for 4 11 is: 0.54880
Equity for 4 12 is: 0.59060
Equity for 4 13 is: 0.31440
Equity for 4 14 is: 0.32600
Equity for 4 15 is: 0.35440
Equity for 4 16 is: 0.36580
Equity for 4 17 is: 0.62280
Equity for 4 18 is: 0.39320
Equity for 4 19 is: 0.40080
Equity for 4 20 is: 0.40860
Equity for 4 21 is: 0.44100
Equity for 4 22 is: 0.46180
Equity for 4 23 is: 0.49140
Equity for 4 24 is: 0.52060
Equity for 4 25 is: 0.56300
Equity for 4 26 is: 0.30940
Equity for 4 27 is: 0.31720
Equity for 4 28 is: 0.35520
Equity for 4 29 is: 0.37700
Equity for 4 30 is: 0.61920
Equity for 4 31 is: 0.39860
Equity for 4 32 is: 0.40760
Equity for 4 33 is: 0.41720
Equity for 4 34 is: 0.44360
Equity for 4 35 is: 0.46260
Equity for 4 36 is: 0.48860
Equity for 4 37 is: 0.51980
Equity for 4 38 is: 0.54560
Equity for 4 39 is: 0.30720
Equity for 4 40 is: 0.32860
Equity for 4 41 is: 0.34120
Equity for 4 42 is: 0.36240
Equity for 4 43 is: 0.62560
Equity for 4 44 is: 0.38780
Equity for 4 45 is: 0.40640
Equity for 4 46 is: 0.41000
Equity for 4 47 is: 0.44080
Equity for 4 48 is: 0.46460
Equity for 4 49 is: 0.47740
Equity for 4 50 is: 0.52360
Equity for 4 51 is: 0.55800
Equity for 5 6 is: 0.45560
Equity for 5 7 is: 0.46580
Equity for 5 8 is: 0.48220
Equity for 5 9 is: 0.50000
Equity for 5 10 is: 0.51640
Equity for 5 11 is: 0.56980
Equity for 5 12 is: 0.58840
Equity for 5 13 is: 0.31680
Equity for 5 14 is: 0.33980
Equity for 5 15 is: 0.35640
Equity for 5 16 is: 0.36100
Equity for 5 17 is: 0.39140
Equity for 5 18 is: 0.65540
Equity for 5 19 is: 0.43340
Equity for 5 20 is: 0.44660
Equity for 5 21 is: 0.46220
Equity for 5 22 is: 0.47740
Equity for 5 23 is: 0.51120
Equity for 5 24 is: 0.54760
Equity for 5 25 is: 0.56620
Equity for 5 26 is: 0.32000
Equity for 5 27 is: 0.33140
Equity for 5 28 is: 0.35880
Equity for 5 29 is: 0.37820
Equity for 5 30 is: 0.40000
Equity for 5 31 is: 0.64680
Equity for 5 32 is: 0.42660
Equity for 5 33 is: 0.43260
Equity for 5 34 is: 0.45920
Equity for 5 35 is: 0.47740
Equity for 5 36 is: 0.50360
Equity for 5 37 is: 0.54300
Equity for 5 38 is: 0.58000
Equity for 5 39 is: 0.32140
Equity for 5 40 is: 0.35160
Equity for 5 41 is: 0.35040
Equity for 5 42 is: 0.39060
Equity for 5 43 is: 0.39940
Equity for 5 44 is: 0.65040
Equity for 5 45 is: 0.41740
Equity for 5 46 is: 0.43640
Equity for 5 47 is: 0.46000
Equity for 5 48 is: 0.47560
Equity for 5 49 is: 0.49880
Equity for 5 50 is: 0.54680
Equity for 5 51 is: 0.57580
Equity for 6 7 is: 0.47600
Equity for 6 8 is: 0.49160
Equity for 6 9 is: 0.53020
Equity for 6 10 is: 0.55340
Equity for 6 11 is: 0.55940
Equity for 6 12 is: 0.60380
Equity for 6 13 is: 0.33180
Equity for 6 14 is: 0.35200
Equity for 6 15 is: 0.37660
Equity for 6 16 is: 0.39380
Equity for 6 17 is: 0.41220
Equity for 6 18 is: 0.43880
Equity for 6 19 is: 0.68220
Equity for 6 20 is: 0.46600
Equity for 6 21 is: 0.48580
Equity for 6 22 is: 0.49980
Equity for 6 23 is: 0.51940
Equity for 6 24 is: 0.54220
Equity for 6 25 is: 0.58160
Equity for 6 26 is: 0.34120
Equity for 6 27 is: 0.36260
Equity for 6 28 is: 0.35680
Equity for 6 29 is: 0.38580
Equity for 6 30 is: 0.40280
Equity for 6 31 is: 0.42180
Equity for 6 32 is: 0.67840
Equity for 6 33 is: 0.46160
Equity for 6 34 is: 0.47880
Equity for 6 35 is: 0.50040
Equity for 6 36 is: 0.52580
Equity for 6 37 is: 0.54740
Equity for 6 38 is: 0.57360
Equity for 6 39 is: 0.33480
Equity for 6 40 is: 0.34600
Equity for 6 41 is: 0.37400
Equity for 6 42 is: 0.39120
Equity for 6 43 is: 0.39540
Equity for 6 44 is: 0.42180
Equity for 6 45 is: 0.67900
Equity for 6 46 is: 0.44920
Equity for 6 47 is: 0.47820
Equity for 6 48 is: 0.50560
Equity for 6 49 is: 0.52960
Equity for 6 50 is: 0.53860
Equity for 6 51 is: 0.58600
Equity for 7 8 is: 0.51580
Equity for 7 9 is: 0.53880
Equity for 7 10 is: 0.55120
Equity for 7 11 is: 0.58960
Equity for 7 12 is: 0.61540
Equity for 7 13 is: 0.36960
Equity for 7 14 is: 0.37740
Equity for 7 15 is: 0.37320
Equity for 7 16 is: 0.40240
Equity for 7 17 is: 0.42820
Equity for 7 18 is: 0.44080
Equity for 7 19 is: 0.46580
Equity for 7 20 is: 0.72160
Equity for 7 21 is: 0.50700
Equity for 7 22 is: 0.50740
Equity for 7 23 is: 0.53600
Equity for 7 24 is: 0.57300
Equity for 7 25 is: 0.59920
Equity for 7 26 is: 0.36220
Equity for 7 27 is: 0.36900
Equity for 7 28 is: 0.38400
Equity for 7 29 is: 0.40160
Equity for 7 30 is: 0.41940
Equity for 7 31 is: 0.43500
Equity for 7 32 is: 0.46600
Equity for 7 33 is: 0.71880
Equity for 7 34 is: 0.49340
Equity for 7 35 is: 0.51560
Equity for 7 36 is: 0.54880
Equity for 7 37 is: 0.56340
Equity for 7 38 is: 0.60840
Equity for 7 39 is: 0.34920
Equity for 7 40 is: 0.37720
Equity for 7 41 is: 0.37900
Equity for 7 42 is: 0.40340
Equity for 7 43 is: 0.41840
Equity for 7 44 is: 0.43260
Equity for 7 45 is: 0.45060
Equity for 7 46 is: 0.71520
Equity for 7 47 is: 0.50560
Equity for 7 48 is: 0.51420
Equity for 7 49 is: 0.53140
Equity for 7 50 is: 0.57040
Equity for 7 51 is: 0.59200
Equity for 8 9 is: 0.56960
Equity for 8 10 is: 0.58280
Equity for 8 11 is: 0.60200
Equity for 8 12 is: 0.63660
Equity for 8 13 is: 0.39640
Equity for 8 14 is: 0.39460
Equity for 8 15 is: 0.40000
Equity for 8 16 is: 0.41560
Equity for 8 17 is: 0.44020
Equity for 8 18 is: 0.45840
Equity for 8 19 is: 0.48780
Equity for 8 20 is: 0.50540
Equity for 8 21 is: 0.74420
Equity for 8 22 is: 0.53460
Equity for 8 23 is: 0.56680
Equity for 8 24 is: 0.59000
Equity for 8 25 is: 0.61060
Equity for 8 26 is: 0.38700
Equity for 8 27 is: 0.40000
Equity for 8 28 is: 0.39300
Equity for 8 29 is: 0.41760
Equity for 8 30 is: 0.44200
Equity for 8 31 is: 0.47740
Equity for 8 32 is: 0.46760
Equity for 8 33 is: 0.49960
Equity for 8 34 is: 0.75840
Equity for 8 35 is: 0.53100
Equity for 8 36 is: 0.55440
Equity for 8 37 is: 0.57220
Equity for 8 38 is: 0.61600
Equity for 8 39 is: 0.40120
Equity for 8 40 is: 0.39820
Equity for 8 41 is: 0.41900
Equity for 8 42 is: 0.40800
Equity for 8 43 is: 0.44120
Equity for 8 44 is: 0.45880
Equity for 8 45 is: 0.47780
Equity for 8 46 is: 0.50720
Equity for 8 47 is: 0.74700
Equity for 8 48 is: 0.53740
Equity for 8 49 is: 0.57160
Equity for 8 50 is: 0.58640
Equity for 8 51 is: 0.61600
Equity for 9 10 is: 0.58980
Equity for 9 11 is: 0.61140
Equity for 9 12 is: 0.64500
Equity for 9 13 is: 0.40340
Equity for 9 14 is: 0.42360
Equity for 9 15 is: 0.43200
Equity for 9 16 is: 0.44680
Equity for 9 17 is: 0.46100
Equity for 9 18 is: 0.48180
Equity for 9 19 is: 0.50660
Equity for 9 20 is: 0.51900
Equity for 9 21 is: 0.53600
Equity for 9 22 is: 0.77640
Equity for 9 23 is: 0.57360
Equity for 9 24 is: 0.59420
Equity for 9 25 is: 0.62000
Equity for 9 26 is: 0.42660
Equity for 9 27 is: 0.43420
Equity for 9 28 is: 0.43480
Equity for 9 29 is: 0.44720
Equity for 9 30 is: 0.45660
Equity for 9 31 is: 0.49520
Equity for 9 32 is: 0.50480
Equity for 9 33 is: 0.51800
Equity for 9 34 is: 0.53760
Equity for 9 35 is: 0.77440
Equity for 9 36 is: 0.57420
Equity for 9 37 is: 0.58520
Equity for 9 38 is: 0.63120
Equity for 9 39 is: 0.42620
Equity for 9 40 is: 0.41660
Equity for 9 41 is: 0.43440
Equity for 9 42 is: 0.44080
Equity for 9 43 is: 0.45120
Equity for 9 44 is: 0.48460
Equity for 9 45 is: 0.48920
Equity for 9 46 is: 0.51820
Equity for 9 47 is: 0.53780
Equity for 9 48 is: 0.77380
Equity for 9 49 is: 0.56220
Equity for 9 50 is: 0.59100
Equity for 9 51 is: 0.61500
Equity for 10 11 is: 0.61400
Equity for 10 12 is: 0.65640
Equity for 10 13 is: 0.45060
Equity for 10 14 is: 0.46240
Equity for 10 15 is: 0.46520
Equity for 10 16 is: 0.47140
Equity for 10 17 is: 0.50220
Equity for 10 18 is: 0.50900
Equity for 10 19 is: 0.52660
Equity for 10 20 is: 0.54340
Equity for 10 21 is: 0.56200
Equity for 10 22 is: 0.58160
Equity for 10 23 is: 0.79520
Equity for 10 24 is: 0.59860
Equity for 10 25 is: 0.61940
Equity for 10 26 is: 0.45020
Equity for 10 27 is: 0.46160
Equity for 10 28 is: 0.46780
Equity for 10 29 is: 0.49180
Equity for 10 30 is: 0.50120
Equity for 10 31 is: 0.50540
Equity for 10 32 is: 0.53180
Equity for 10 33 is: 0.53700
Equity for 10 34 is: 0.54880
Equity for 10 35 is: 0.57640
Equity for 10 36 is: 0.80100
Equity for 10 37 is: 0.61740
Equity for 10 38 is: 0.63200
Equity for 10 39 is: 0.44520
Equity for 10 40 is: 0.44780
Equity for 10 41 is: 0.48580
Equity for 10 42 is: 0.48900
Equity for 10 43 is: 0.49760
Equity for 10 44 is: 0.50500
Equity for 10 45 is: 0.52180
Equity for 10 46 is: 0.54580
Equity for 10 47 is: 0.55880
Equity for 10 48 is: 0.56700
Equity for 10 49 is: 0.80460
Equity for 10 50 is: 0.60060
Equity for 10 51 is: 0.63860
Equity for 11 12 is: 0.65620
Equity for 11 13 is: 0.48580
Equity for 11 14 is: 0.49160
Equity for 11 15 is: 0.50000
Equity for 11 16 is: 0.51320
Equity for 11 17 is: 0.53240
Equity for 11 18 is: 0.53420
Equity for 11 19 is: 0.54060
Equity for 11 20 is: 0.55760
Equity for 11 21 is: 0.59540
Equity for 11 22 is: 0.58780
Equity for 11 23 is: 0.61040
Equity for 11 24 is: 0.80920
Equity for 11 25 is: 0.64080
Equity for 11 26 is: 0.48020
Equity for 11 27 is: 0.49400
Equity for 11 28 is: 0.51320
Equity for 11 29 is: 0.50600
Equity for 11 30 is: 0.52920
Equity for 11 31 is: 0.52980
Equity for 11 32 is: 0.53960
Equity for 11 33 is: 0.56820
Equity for 11 34 is: 0.59180
Equity for 11 35 is: 0.60120
Equity for 11 36 is: 0.60360
Equity for 11 37 is: 0.82420
Equity for 11 38 is: 0.63660
Equity for 11 39 is: 0.49260
Equity for 11 40 is: 0.49140
Equity for 11 41 is: 0.50240
Equity for 11 42 is: 0.50880
Equity for 11 43 is: 0.51660
Equity for 11 44 is: 0.53680
Equity for 11 45 is: 0.53800
Equity for 11 46 is: 0.56700
Equity for 11 47 is: 0.58700
Equity for 11 48 is: 0.59520
Equity for 11 49 is: 0.60400
Equity for 11 50 is: 0.83580
Equity for 11 51 is: 0.64640
Equity for 12 13 is: 0.53060
Equity for 12 14 is: 0.55200
Equity for 12 15 is: 0.53500
Equity for 12 16 is: 0.55020
Equity for 12 17 is: 0.55480
Equity for 12 18 is: 0.57000
Equity for 12 19 is: 0.57220
Equity for 12 20 is: 0.60420
Equity for 12 21 is: 0.62400
Equity for 12 22 is: 0.62960
Equity for 12 23 is: 0.63160
Equity for 12 24 is: 0.65620
Equity for 12 25 is: 0.84480
Equity for 12 26 is: 0.51640
Equity for 12 27 is: 0.53920
Equity for 12 28 is: 0.55060
Equity for 12 29 is: 0.55720
Equity for 12 30 is: 0.56780
Equity for 12 31 is: 0.57500
Equity for 12 32 is: 0.57280
Equity for 12 33 is: 0.60320
Equity for 12 34 is: 0.60640
Equity for 12 35 is: 0.62500
Equity for 12 36 is: 0.62360
Equity for 12 37 is: 0.64380
Equity for 12 38 is: 0.84940
Equity for 12 39 is: 0.52140
Equity for 12 40 is: 0.52800
Equity for 12 41 is: 0.55260
Equity for 12 42 is: 0.55900
Equity for 12 43 is: 0.56320
Equity for 12 44 is: 0.56940
Equity for 12 45 is: 0.59180
Equity for 12 46 is: 0.59420
Equity for 12 47 is: 0.61280
Equity for 12 48 is: 0.62440
Equity for 12 49 is: 0.62720
Equity for 12 50 is: 0.64620
Equity for 12 51 is: 0.84200
Equity for 13 14 is: 0.33500
Equity for 13 15 is: 0.32980
Equity for 13 16 is: 0.34220
Equity for 13 17 is: 0.34700
Equity for 13 18 is: 0.35580
Equity for 13 19 is: 0.37700
Equity for 13 20 is: 0.39660
Equity for 13 21 is: 0.43240
Equity for 13 22 is: 0.44640
Equity for 13 23 is: 0.47780
Equity for 13 24 is: 0.51720
Equity for 13 25 is: 0.54280
Equity for 13 26 is: 0.48360
Equity for 13 27 is: 0.29280
Equity for 13 28 is: 0.30280
Equity for 13 29 is: 0.30920
Equity for 13 30 is: 0.31000
Equity for 13 31 is: 0.32220
Equity for 13 32 is: 0.34140
Equity for 13 33 is: 0.36080
Equity for 13 34 is: 0.39440
Equity for 13 35 is: 0.43200
Equity for 13 36 is: 0.44480
Equity for 13 37 is: 0.49040
Equity for 13 38 is: 0.53660
Equity for 13 39 is: 0.49100
Equity for 13 40 is: 0.28820
Equity for 13 41 is: 0.30120
Equity for 13 42 is: 0.31580
Equity for 13 43 is: 0.31020
Equity for 13 44 is: 0.31140
Equity for 13 45 is: 0.34700
Equity for 13 46 is: 0.37140
Equity for 13 47 is: 0.39300
Equity for 13 48 is: 0.41960
Equity for 13 49 is: 0.44840
Equity for 13 50 is: 0.47700
Equity for 13 51 is: 0.52660
Equity for 14 15 is: 0.35940
Equity for 14 16 is: 0.36920
Equity for 14 17 is: 0.36840
Equity for 14 18 is: 0.36980
Equity for 14 19 is: 0.38080
Equity for 14 20 is: 0.40720
Equity for 14 21 is: 0.42500
Equity for 14 22 is: 0.46120
Equity for 14 23 is: 0.50220
Equity for 14 24 is: 0.51400
Equity for 14 25 is: 0.56900
Equity for 14 26 is: 0.28780
Equity for 14 27 is: 0.52040
Equity for 14 28 is: 0.32880
Equity for 14 29 is: 0.32460
Equity for 14 30 is: 0.32320
Equity for 14 31 is: 0.34300
Equity for 14 32 is: 0.33920
Equity for 14 33 is: 0.37640
Equity for 14 34 is: 0.38540
Equity for 14 35 is: 0.41480
Equity for 14 36 is: 0.46740
Equity for 14 37 is: 0.48280
Equity for 14 38 is: 0.53160
Equity for 14 39 is: 0.29120
Equity for 14 40 is: 0.51580
Equity for 14 41 is: 0.31040
Equity for 14 42 is: 0.32780
Equity for 14 43 is: 0.34040
Equity for 14 44 is: 0.32960
Equity for 14 45 is: 0.34700
Equity for 14 46 is: 0.37340
Equity for 14 47 is: 0.40180
Equity for 14 48 is: 0.44260
Equity for 14 49 is: 0.46160
Equity for 14 50 is: 0.48880
Equity for 14 51 is: 0.52980
Equity for 15 16 is: 0.38740
Equity for 15 17 is: 0.37300
Equity for 15 18 is: 0.39180
Equity for 15 19 is: 0.41360
Equity for 15 20 is: 0.41000
Equity for 15 21 is: 0.43280
Equity for 15 22 is: 0.47480
Equity for 15 23 is: 0.51060
Equity for 15 24 is: 0.52180
Equity for 15 25 is: 0.58940
Equity for 15 26 is: 0.29280
Equity for 15 27 is: 0.32200
Equity for 15 28 is: 0.56280
Equity for 15 29 is: 0.35620
Equity for 15 30 is: 0.35800
Equity for 15 31 is: 0.36360
Equity for 15 32 is: 0.36240
Equity for 15 33 is: 0.37520
Equity for 15 34 is: 0.41340
Equity for 15 35 is: 0.44580
Equity for 15 36 is: 0.47640
Equity for 15 37 is: 0.50280
Equity for 15 38 is: 0.55100
Equity for 15 39 is: 0.31240
Equity for 15 40 is: 0.32840
Equity for 15 41 is: 0.56080
Equity for 15 42 is: 0.34620
Equity for 15 43 is: 0.33980
Equity for 15 44 is: 0.35640
Equity for 15 45 is: 0.36060
Equity for 15 46 is: 0.37600
Equity for 15 47 is: 0.41120
Equity for 15 48 is: 0.43440
Equity for 15 49 is: 0.47220
Equity for 15 50 is: 0.48300
Equity for 15 51 is: 0.54600
Equity for 16 17 is: 0.40520
Equity for 16 18 is: 0.41180
Equity for 16 19 is: 0.42520
Equity for 16 20 is: 0.41840
Equity for 16 21 is: 0.44820
Equity for 16 22 is: 0.47980
Equity for 16 23 is: 0.51440
Equity for 16 24 is: 0.53800
Equity for 16 25 is: 0.58940
Equity for 16 26 is: 0.31400
Equity for 16 27 is: 0.32740
Equity for 16 28 is: 0.35080
Equity for 16 29 is: 0.59620
Equity for 16 30 is: 0.37180
Equity for 16 31 is: 0.38580
Equity for 16 32 is: 0.38760
Equity for 16 33 is: 0.39980
Equity for 16 34 is: 0.41580
Equity for 16 35 is: 0.45940
Equity for 16 36 is: 0.49260
Equity for 16 37 is: 0.52280
Equity for 16 38 is: 0.54900
Equity for 16 39 is: 0.31740
Equity for 16 40 is: 0.34480
Equity for 16 41 is: 0.35460
Equity for 16 42 is: 0.60080
Equity for 16 43 is: 0.37660
Equity for 16 44 is: 0.37860
Equity for 16 45 is: 0.39880
Equity for 16 46 is: 0.39760
Equity for 16 47 is: 0.42160
Equity for 16 48 is: 0.44740
Equity for 16 49 is: 0.47840
Equity for 16 50 is: 0.51500
Equity for 16 51 is: 0.56400
Equity for 17 18 is: 0.41660
Equity for 17 19 is: 0.43440
Equity for 17 20 is: 0.45880
Equity for 17 21 is: 0.46600
Equity for 17 22 is: 0.49500
Equity for 17 23 is: 0.52080
Equity for 17 24 is: 0.54260
Equity for 17 25 is: 0.57280
Equity for 17 26 is: 0.31180
Equity for 17 27 is: 0.32420
Equity for 17 28 is: 0.36080
Equity for 17 29 is: 0.38380
Equity for 17 30 is: 0.62300
Equity for 17 31 is: 0.39740
Equity for 17 32 is: 0.42600
Equity for 17 33 is: 0.40740
Equity for 17 34 is: 0.44820
Equity for 17 35 is: 0.45520
Equity for 17 36 is: 0.50120
Equity for 17 37 is: 0.52360
Equity for 17 38 is: 0.55100
Equity for 17 39 is: 0.31880
Equity for 17 40 is: 0.33640
Equity for 17 41 is: 0.35060
Equity for 17 42 is: 0.37500
Equity for 17 43 is: 0.62940
Equity for 17 44 is: 0.39460
Equity for 17 45 is: 0.40080
Equity for 17 46 is: 0.43400
Equity for 17 47 is: 0.43380
Equity for 17 48 is: 0.45720
Equity for 17 49 is: 0.47740
Equity for 17 50 is: 0.51660
Equity for 17 51 is: 0.57400
Equity for 18 19 is: 0.45700
Equity for 18 20 is: 0.47460
Equity for 18 21 is: 0.48340
Equity for 18 22 is: 0.50740
Equity for 18 23 is: 0.51520
Equity for 18 24 is: 0.55760
Equity for 18 25 is: 0.59600
Equity for 18 26 is: 0.30760
Equity for 18 27 is: 0.33020
Equity for 18 28 is: 0.36800
Equity for 18 29 is: 0.37620
Equity for 18 30 is: 0.39580
Equity for 18 31 is: 0.65680
Equity for 18 32 is: 0.43100
Equity for 18 33 is: 0.45100
Equity for 18 34 is: 0.47220
Equity for 18 35 is: 0.47680
Equity for 18 36 is: 0.50680
Equity for 18 37 is: 0.53520
Equity for 18 38 is: 0.57240
Equity for 18 39 is: 0.30660
Equity for 18 40 is: 0.35200
Equity for 18 41 is: 0.35960
Equity for 18 42 is: 0.39460
Equity for 18 43 is: 0.40800
Equity for 18 44 is: 0.67120
Equity for 18 45 is: 0.42460
Equity for 18 46 is: 0.45060
Equity for 18 47 is: 0.46680
Equity for 18 48 is: 0.48080
Equity for 18 49 is: 0.49120
Equity for 18 50 is: 0.53560
Equity for 18 51 is: 0.56680
Equity for 19 20 is: 0.47720
Equity for 19 21 is: 0.50860
Equity for 19 22 is: 0.52420
Equity for 19 23 is: 0.54120
Equity for 19 24 is: 0.57260
Equity for 19 25 is: 0.60820
Equity for 19 26 is: 0.33840
Equity for 19 27 is: 0.35380
Equity for 19 28 is: 0.36520
Equity for 19 29 is: 0.38800
Equity for 19 30 is: 0.41540
Equity for 19 31 is: 0.42880
Equity for 19 32 is: 0.69380
Equity for 19 33 is: 0.46540
Equity for 19 34 is: 0.47180
Equity for 19 35 is: 0.48740
Equity for 19 36 is: 0.51780
Equity for 19 37 is: 0.55000
Equity for 19 38 is: 0.57120
Equity for 19 39 is: 0.34060
Equity for 19 40 is: 0.36120
Equity for 19 41 is: 0.37540
Equity for 19 42 is: 0.39120
Equity for 19 43 is: 0.41060
Equity for 19 44 is: 0.42740
Equity for 19 45 is: 0.68280
Equity for 19 46 is: 0.46420
Equity for 19 47 is: 0.47900
Equity for 19 48 is: 0.50960
Equity for 19 49 is: 0.50860
Equity for 19 50 is: 0.54020
Equity for 19 51 is: 0.59000
Equity for 20 21 is: 0.51760
Equity for 20 22 is: 0.53620
Equity for 20 23 is: 0.57160
Equity for 20 24 is: 0.59140
Equity for 20 25 is: 0.61600
Equity for 20 26 is: 0.35500
Equity for 20 27 is: 0.37500
Equity for 20 28 is: 0.37220
Equity for 20 29 is: 0.39840
Equity for 20 30 is: 0.43040
Equity for 20 31 is: 0.43620
Equity for 20 32 is: 0.46340
Equity for 20 33 is: 0.70800
Equity for 20 34 is: 0.49220
Equity for 20 35 is: 0.50320
Equity for 20 36 is: 0.54920
Equity for 20 37 is: 0.56180
Equity for 20 38 is: 0.59240
Equity for 20 39 is: 0.36040
Equity for 20 40 is: 0.37300
Equity for 20 41 is: 0.37220
Equity for 20 42 is: 0.40740
Equity for 20 43 is: 0.41580
Equity for 20 44 is: 0.43940
Equity for 20 45 is: 0.46400
Equity for 20 46 is: 0.71200
Equity for 20 47 is: 0.50060
Equity for 20 48 is: 0.51280
Equity for 20 49 is: 0.53840
Equity for 20 50 is: 0.53720
Equity for 20 51 is: 0.60440
Equity for 21 22 is: 0.55780
Equity for 21 23 is: 0.57000
Equity for 21 24 is: 0.60260
Equity for 21 25 is: 0.63720
Equity for 21 26 is: 0.39220
Equity for 21 27 is: 0.40680
Equity for 21 28 is: 0.39620
Equity for 21 29 is: 0.41100
Equity for 21 30 is: 0.43640
Equity for 21 31 is: 0.45420
Equity for 21 32 is: 0.48780
Equity for 21 33 is: 0.49340
Equity for 21 34 is: 0.73960
Equity for 21 35 is: 0.53660
Equity for 21 36 is: 0.56680
Equity for 21 37 is: 0.59280
Equity for 21 38 is: 0.61120
Equity for 21 39 is: 0.39000
Equity for 21 40 is: 0.39620
Equity for 21 41 is: 0.40380
Equity for 21 42 is: 0.41080
Equity for 21 43 is: 0.43460
Equity for 21 44 is: 0.46140
Equity for 21 45 is: 0.47440
Equity for 21 46 is: 0.49360
Equity for 21 47 is: 0.75100
Equity for 21 48 is: 0.54380
Equity for 21 49 is: 0.55420
Equity for 21 50 is: 0.58340
Equity for 21 51 is: 0.62580
Equity for 22 23 is: 0.59520
Equity for 22 24 is: 0.62200
Equity for 22 25 is: 0.64480
Equity for 22 26 is: 0.42420
Equity for 22 27 is: 0.42060
Equity for 22 28 is: 0.43720
Equity for 22 29 is: 0.44260
Equity for 22 30 is: 0.45800
Equity for 22 31 is: 0.48740
Equity for 22 32 is: 0.50340
Equity for 22 33 is: 0.53160
Equity for 22 34 is: 0.53340
Equity for 22 35 is: 0.77680
Equity for 22 36 is: 0.56580
Equity for 22 37 is: 0.59080
Equity for 22 38 is: 0.62500
Equity for 22 39 is: 0.43040
Equity for 22 40 is: 0.43780
Equity for 22 41 is: 0.42380
Equity for 22 42 is: 0.45760
Equity for 22 43 is: 0.44760
Equity for 22 44 is: 0.48680
Equity for 22 45 is: 0.49980
Equity for 22 46 is: 0.52620
Equity for 22 47 is: 0.54280
Equity for 22 48 is: 0.77460
Equity for 22 49 is: 0.57640
Equity for 22 50 is: 0.59400
Equity for 22 51 is: 0.62000
Equity for 23 24 is: 0.62980
Equity for 23 25 is: 0.65420
Equity for 23 26 is: 0.44460
Equity for 23 27 is: 0.45360
Equity for 23 28 is: 0.47620
Equity for 23 29 is: 0.47600
Equity for 23 30 is: 0.49920
Equity for 23 31 is: 0.51120
Equity for 23 32 is: 0.51440
Equity for 23 33 is: 0.54020
Equity for 23 34 is: 0.56300
Equity for 23 35 is: 0.56140
Equity for 23 36 is: 0.80000
Equity for 23 37 is: 0.59460
Equity for 23 38 is: 0.63500
Equity for 23 39 is: 0.45800
Equity for 23 40 is: 0.46120
Equity for 23 41 is: 0.46960
Equity for 23 42 is: 0.48380
Equity for 23 43 is: 0.49080
Equity for 23 44 is: 0.50120
Equity for 23 45 is: 0.53060
Equity for 23 46 is: 0.54220
Equity for 23 47 is: 0.56260
Equity for 23 48 is: 0.58080
Equity for 23 49 is: 0.79280
Equity for 23 50 is: 0.60400
Equity for 23 51 is: 0.64140
Equity for 24 25 is: 0.65880
Equity for 24 26 is: 0.48720
Equity for 24 27 is: 0.48380
Equity for 24 28 is: 0.50420
Equity for 24 29 is: 0.51000
Equity for 24 30 is: 0.51500
Equity for 24 31 is: 0.54140
Equity for 24 32 is: 0.53960
Equity for 24 33 is: 0.57040
Equity for 24 34 is: 0.59760
Equity for 24 35 is: 0.58780
Equity for 24 36 is: 0.60720
Equity for 24 37 is: 0.81840
Equity for 24 38 is: 0.64060
Equity for 24 39 is: 0.48360
Equity for 24 40 is: 0.49160
Equity for 24 41 is: 0.50800
Equity for 24 42 is: 0.51380
Equity for 24 43 is: 0.53320
Equity for 24 44 is: 0.53780
Equity for 24 45 is: 0.53700
Equity for 24 46 is: 0.55680
Equity for 24 47 is: 0.58320
Equity for 24 48 is: 0.60220
Equity for 24 49 is: 0.58980
Equity for 24 50 is: 0.83000
Equity for 24 51 is: 0.65780
Equity for 25 26 is: 0.52400
Equity for 25 27 is: 0.55900
Equity for 25 28 is: 0.55360
Equity for 25 29 is: 0.56480
Equity for 25 30 is: 0.56920
Equity for 25 31 is: 0.56500
Equity for 25 32 is: 0.57440
Equity for 25 33 is: 0.58400
Equity for 25 34 is: 0.61820
Equity for 25 35 is: 0.62480
Equity for 25 36 is: 0.63420
Equity for 25 37 is: 0.64680
Equity for 25 38 is: 0.85620
Equity for 25 39 is: 0.52520
Equity for 25 40 is: 0.53780
Equity for 25 41 is: 0.52960
Equity for 25 42 is: 0.55460
Equity for 25 43 is: 0.55640
Equity for 25 44 is: 0.58420
Equity for 25 45 is: 0.58340
Equity for 25 46 is: 0.58800
Equity for 25 47 is: 0.61700
Equity for 25 48 is: 0.61860
Equity for 25 49 is: 0.64140
Equity for 25 50 is: 0.64400
Equity for 25 51 is: 0.84800
Equity for 26 27 is: 0.31940
Equity for 26 28 is: 0.33520
Equity for 26 29 is: 0.35200
Equity for 26 30 is: 0.34720
Equity for 26 31 is: 0.33900
Equity for 26 32 is: 0.37460
Equity for 26 33 is: 0.39600
Equity for 26 34 is: 0.41760
Equity for 26 35 is: 0.44920
Equity for 26 36 is: 0.48480
Equity for 26 37 is: 0.50660
Equity for 26 38 is: 0.54420
Equity for 26 39 is: 0.49320
Equity for 26 40 is: 0.30360
Equity for 26 41 is: 0.29920
Equity for 26 42 is: 0.31840
Equity for 26 43 is: 0.32260
Equity for 26 44 is: 0.31320
Equity for 26 45 is: 0.34300
Equity for 26 46 is: 0.36120
Equity for 26 47 is: 0.39900
Equity for 26 48 is: 0.41820
Equity for 26 49 is: 0.44460
Equity for 26 50 is: 0.47900
Equity for 26 51 is: 0.53240
Equity for 27 28 is: 0.35220
Equity for 27 29 is: 0.35800
Equity for 27 30 is: 0.37440
Equity for 27 31 is: 0.37000
Equity for 27 32 is: 0.37740
Equity for 27 33 is: 0.41600
Equity for 27 34 is: 0.44280
Equity for 27 35 is: 0.47320
Equity for 27 36 is: 0.49960
Equity for 27 37 is: 0.51120
Equity for 27 38 is: 0.57300
Equity for 27 39 is: 0.29340
Equity for 27 40 is: 0.53220
Equity for 27 41 is: 0.32500
Equity for 27 42 is: 0.33040
Equity for 27 43 is: 0.33160
Equity for 27 44 is: 0.33240
Equity for 27 45 is: 0.35160
Equity for 27 46 is: 0.37760
Equity for 27 47 is: 0.39800
Equity for 27 48 is: 0.41700
Equity for 27 49 is: 0.47260
Equity for 27 50 is: 0.49840
Equity for 27 51 is: 0.54300
Equity for 28 29 is: 0.39260
Equity for 28 30 is: 0.38380
Equity for 28 31 is: 0.39340
Equity for 28 32 is: 0.40780
Equity for 28 33 is: 0.40800
Equity for 28 34 is: 0.44940
Equity for 28 35 is: 0.45520
Equity for 28 36 is: 0.49820
Equity for 28 37 is: 0.53300
Equity for 28 38 is: 0.57100
Equity for 28 39 is: 0.31220
Equity for 28 40 is: 0.32260
Equity for 28 41 is: 0.56900
Equity for 28 42 is: 0.34480
Equity for 28 43 is: 0.35860
Equity for 28 44 is: 0.35480
Equity for 28 45 is: 0.35800
Equity for 28 46 is: 0.38440
Equity for 28 47 is: 0.40120
Equity for 28 48 is: 0.44520
Equity for 28 49 is: 0.46600
Equity for 28 50 is: 0.50240
Equity for 28 51 is: 0.54960
Equity for 29 30 is: 0.40720
Equity for 29 31 is: 0.42380
Equity for 29 32 is: 0.42720
Equity for 29 33 is: 0.42660
Equity for 29 34 is: 0.44720
Equity for 29 35 is: 0.47840
Equity for 29 36 is: 0.51560
Equity for 29 37 is: 0.52020
Equity for 29 38 is: 0.58760
Equity for 29 39 is: 0.32780
Equity for 29 40 is: 0.32980
Equity for 29 41 is: 0.34700
Equity for 29 42 is: 0.60480
Equity for 29 43 is: 0.37540
Equity for 29 44 is: 0.37880
Equity for 29 45 is: 0.39540
Equity for 29 46 is: 0.40440
Equity for 29 47 is: 0.41400
Equity for 29 48 is: 0.45720
Equity for 29 49 is: 0.48100
Equity for 29 50 is: 0.50280
Equity for 29 51 is: 0.54900
Equity for 30 31 is: 0.43060
Equity for 30 32 is: 0.43180
Equity for 30 33 is: 0.45580
Equity for 30 34 is: 0.46800
Equity for 30 35 is: 0.48680
Equity for 30 36 is: 0.51620
Equity for 30 37 is: 0.54600
Equity for 30 38 is: 0.58120
Equity for 30 39 is: 0.31800
Equity for 30 40 is: 0.34060
Equity for 30 41 is: 0.35340
Equity for 30 42 is: 0.36780
Equity for 30 43 is: 0.61420
Equity for 30 44 is: 0.39020
Equity for 30 45 is: 0.39940
Equity for 30 46 is: 0.43200
Equity for 30 47 is: 0.42560
Equity for 30 48 is: 0.46100
Equity for 30 49 is: 0.49600
Equity for 30 50 is: 0.52240
Equity for 30 51 is: 0.56840
Equity for 31 32 is: 0.45220
Equity for 31 33 is: 0.45980
Equity for 31 34 is: 0.49240
Equity for 31 35 is: 0.50980
Equity for 31 36 is: 0.52900
Equity for 31 37 is: 0.56200
Equity for 31 38 is: 0.57900
Equity for 31 39 is: 0.31200
Equity for 31 40 is: 0.34420
Equity for 31 41 is: 0.36020
Equity for 31 42 is: 0.38460
Equity for 31 43 is: 0.39620
Equity for 31 44 is: 0.66300
Equity for 31 45 is: 0.42240
Equity for 31 46 is: 0.43160
Equity for 31 47 is: 0.45800
Equity for 31 48 is: 0.47340
Equity for 31 49 is: 0.48420
Equity for 31 50 is: 0.53900
Equity for 31 51 is: 0.58040
Equity for 32 33 is: 0.48680
Equity for 32 34 is: 0.51640
Equity for 32 35 is: 0.51900
Equity for 32 36 is: 0.55020
Equity for 32 37 is: 0.56900
Equity for 32 38 is: 0.61720
Equity for 32 39 is: 0.32660
Equity for 32 40 is: 0.34340
Equity for 32 41 is: 0.36380
Equity for 32 42 is: 0.37760
Equity for 32 43 is: 0.39960
Equity for 32 44 is: 0.43200
Equity for 32 45 is: 0.69580
Equity for 32 46 is: 0.45680
Equity for 32 47 is: 0.47880
Equity for 32 48 is: 0.49460
Equity for 32 49 is: 0.50460
Equity for 32 50 is: 0.54100
Equity for 32 51 is: 0.57940
Equity for 33 34 is: 0.52620
Equity for 33 35 is: 0.55080
Equity for 33 36 is: 0.55660
Equity for 33 37 is: 0.58400
Equity for 33 38 is: 0.60620
Equity for 33 39 is: 0.37200
Equity for 33 40 is: 0.36920
Equity for 33 41 is: 0.36800
Equity for 33 42 is: 0.41120
Equity for 33 43 is: 0.41460
Equity for 33 44 is: 0.43960
Equity for 33 45 is: 0.45520
Equity for 33 46 is: 0.72340
Equity for 33 47 is: 0.50760
Equity for 33 48 is: 0.51640
Equity for 33 49 is: 0.52560
Equity for 33 50 is: 0.55840
Equity for 33 51 is: 0.57320
Equity for 34 35 is: 0.55080
Equity for 34 36 is: 0.58120
Equity for 34 37 is: 0.61020
Equity for 34 38 is: 0.63460
Equity for 34 39 is: 0.38720
Equity for 34 40 is: 0.40960
Equity for 34 41 is: 0.42540
Equity for 34 42 is: 0.41080
Equity for 34 43 is: 0.43700
Equity for 34 44 is: 0.46240
Equity for 34 45 is: 0.47420
Equity for 34 46 is: 0.49880
Equity for 34 47 is: 0.74960
Equity for 34 48 is: 0.54180
Equity for 34 49 is: 0.55680
Equity for 34 50 is: 0.58300
Equity for 34 51 is: 0.61200
Equity for 35 36 is: 0.58520
Equity for 35 37 is: 0.61200
Equity for 35 38 is: 0.62500
Equity for 35 39 is: 0.41160
Equity for 35 40 is: 0.43420
Equity for 35 41 is: 0.44120
Equity for 35 42 is: 0.45260
Equity for 35 43 is: 0.46040
Equity for 35 44 is: 0.48100
Equity for 35 45 is: 0.49960
Equity for 35 46 is: 0.52080
Equity for 35 47 is: 0.53760
Equity for 35 48 is: 0.76940
Equity for 35 49 is: 0.56500
Equity for 35 50 is: 0.60300
Equity for 35 51 is: 0.62300
Equity for 36 37 is: 0.62660
Equity for 36 38 is: 0.64500
Equity for 36 39 is: 0.43980
Equity for 36 40 is: 0.46040
Equity for 36 41 is: 0.46220
Equity for 36 42 is: 0.47960
Equity for 36 43 is: 0.49260
Equity for 36 44 is: 0.50220
Equity for 36 45 is: 0.51360
Equity for 36 46 is: 0.53340
Equity for 36 47 is: 0.55760
Equity for 36 48 is: 0.56680
Equity for 36 49 is: 0.79560
Equity for 36 50 is: 0.60620
Equity for 36 51 is: 0.63960
Equity for 37 38 is: 0.65800
Equity for 37 39 is: 0.48020
Equity for 37 40 is: 0.49280
Equity for 37 41 is: 0.49240
Equity for 37 42 is: 0.50280
Equity for 37 43 is: 0.53040
Equity for 37 44 is: 0.53560
Equity for 37 45 is: 0.55500
Equity for 37 46 is: 0.55900
Equity for 37 47 is: 0.59000
Equity for 37 48 is: 0.58840
Equity for 37 49 is: 0.60800
Equity for 37 50 is: 0.82260
Equity for 37 51 is: 0.64300
Equity for 38 39 is: 0.53180
Equity for 38 40 is: 0.52960
Equity for 38 41 is: 0.54680
Equity for 38 42 is: 0.54940
Equity for 38 43 is: 0.55840
Equity for 38 44 is: 0.57420
Equity for 38 45 is: 0.58880
Equity for 38 46 is: 0.59460
Equity for 38 47 is: 0.60880
Equity for 38 48 is: 0.61540
Equity for 38 49 is: 0.63240
Equity for 38 50 is: 0.63880
Equity for 38 51 is: 0.85060
Equity for 39 40 is: 0.33940
Equity for 39 41 is: 0.33180
Equity for 39 42 is: 0.37220
Equity for 39 43 is: 0.34660
Equity for 39 44 is: 0.35080
Equity for 39 45 is: 0.36500
Equity for 39 46 is: 0.40820
Equity for 39 47 is: 0.42380
Equity for 39 48 is: 0.44800
Equity for 39 49 is: 0.48200
Equity for 39 50 is: 0.51840
Equity for 39 51 is: 0.55540
Equity for 40 41 is: 0.35800
Equity for 40 42 is: 0.36300
Equity for 40 43 is: 0.36000
Equity for 40 44 is: 0.37360
Equity for 40 45 is: 0.38800
Equity for 40 46 is: 0.40120
Equity for 40 47 is: 0.44320
Equity for 40 48 is: 0.46640
Equity for 40 49 is: 0.49800
Equity for 40 50 is: 0.52340
Equity for 40 51 is: 0.55580
Equity for 41 42 is: 0.37700
Equity for 41 43 is: 0.38920
Equity for 41 44 is: 0.39720
Equity for 41 45 is: 0.40740
Equity for 41 46 is: 0.42200
Equity for 41 47 is: 0.44860
Equity for 41 48 is: 0.45740
Equity for 41 49 is: 0.48860
Equity for 41 50 is: 0.53300
Equity for 41 51 is: 0.57000
Equity for 42 43 is: 0.40420
Equity for 42 44 is: 0.40860
Equity for 42 45 is: 0.41240
Equity for 42 46 is: 0.42860
Equity for 42 47 is: 0.43080
Equity for 42 48 is: 0.47680
Equity for 42 49 is: 0.50920
Equity for 42 50 is: 0.53040
Equity for 42 51 is: 0.58000
Equity for 43 44 is: 0.42860
Equity for 43 45 is: 0.45120
Equity for 43 46 is: 0.45760
Equity for 43 47 is: 0.46460
Equity for 43 48 is: 0.47860
Equity for 43 49 is: 0.52680
Equity for 43 50 is: 0.54780
Equity for 43 51 is: 0.58760
Equity for 44 45 is: 0.45280
Equity for 44 46 is: 0.47040
Equity for 44 47 is: 0.48940
Equity for 44 48 is: 0.50960
Equity for 44 49 is: 0.51300
Equity for 44 50 is: 0.55060
Equity for 44 51 is: 0.59260
Equity for 45 46 is: 0.49280
Equity for 45 47 is: 0.51280
Equity for 45 48 is: 0.51420
Equity for 45 49 is: 0.54300
Equity for 45 50 is: 0.55720
Equity for 45 51 is: 0.60160
Equity for 46 47 is: 0.51820
Equity for 46 48 is: 0.53900
Equity for 46 49 is: 0.55960
Equity for 46 50 is: 0.59900
Equity for 46 51 is: 0.60680
Equity for 47 48 is: 0.55000
Equity for 47 49 is: 0.58240
Equity for 47 50 is: 0.59500
Equity for 47 51 is: 0.62860
Equity for 48 49 is: 0.58260
Equity for 48 50 is: 0.62680
Equity for 48 51 is: 0.64260
Equity for 49 50 is: 0.61700
Equity for 49 51 is: 0.65980
Equity for 50 51 is: 0.66000
